Flow report for PRIME_ROM
Sat Sep 21 22:35:20 2019
Quartus Prime Version 17.1.0 Build 590 10/25/2017 SJ Lite Edition


---------------------
; Table of Contents ;
---------------------
  1. Legal Notice
  2. Flow Summary
  3. Flow Settings
  4. Flow Non-Default Global Settings
  5. Flow Elapsed Time
  6. Flow OS Summary
  7. Flow Log
  8. Flow Messages
  9. Flow Suppressed Messages



----------------
; Legal Notice ;
----------------
Copyright (C) 2017  Intel Corporation. All rights reserved.
Your use of Intel Corporation's design tools, logic functions 
and other software and tools, and its AMPP partner logic 
functions, and any output files from any of the foregoing 
(including device programming or simulation files), and any 
associated documentation or information are expressly subject 
to the terms and conditions of the Intel Program License 
Subscription Agreement, the Intel Quartus Prime License Agreement,
the Intel FPGA IP License Agreement, or other applicable license
agreement, including, without limitation, that your use is for
the sole purpose of programming logic devices manufactured by
Intel and sold by Intel or its authorized distributors.  Please
refer to the applicable agreement for further details.



+-------------------------------------------------------------------------------+
; Flow Summary                                                                  ;
+---------------------------------+---------------------------------------------+
; Flow Status                     ; Successful - Sat Sep 21 22:35:20 2019       ;
; Quartus Prime Version           ; 17.1.0 Build 590 10/25/2017 SJ Lite Edition ;
; Revision Name                   ; PRIME_ROM                                   ;
; Top-level Entity Name           ; PRIME_ROM                                   ;
; Family                          ; Cyclone V                                   ;
; Device                          ; 5CSEBA6U19C6                                ;
; Timing Models                   ; Final                                       ;
; Logic utilization (in ALMs)     ; 224 / 41,910 ( < 1 % )                      ;
; Total registers                 ; 13                                          ;
; Total pins                      ; 28 / 205 ( 14 % )                           ;
; Total virtual pins              ; 0                                           ;
; Total block memory bits         ; 0 / 5,662,720 ( 0 % )                       ;
; Total DSP Blocks                ; 0 / 112 ( 0 % )                             ;
; Total HSSI RX PCSs              ; 0                                           ;
; Total HSSI PMA RX Deserializers ; 0                                           ;
; Total HSSI TX PCSs              ; 0                                           ;
; Total HSSI PMA TX Serializers   ; 0                                           ;
; Total PLLs                      ; 0 / 6 ( 0 % )                               ;
; Total DLLs                      ; 0 / 4 ( 0 % )                               ;
+---------------------------------+---------------------------------------------+


+-----------------------------------------+
; Flow Settings                           ;
+-------------------+---------------------+
; Option            ; Setting             ;
+-------------------+---------------------+
; Start date & time ; 09/21/2019 22:34:19 ;
; Main task         ; Compilation         ;
; Revision Name     ; PRIME_ROM           ;
+-------------------+---------------------+


+------------------------------------------------------------------------------------------------------------------------------+
; Flow Non-Default Global Settings                                                                                             ;
+--------------------------------------+----------------------------------------+---------------+-------------+----------------+
; Assignment Name                      ; Value                                  ; Default Value ; Entity Name ; Section Id     ;
+--------------------------------------+----------------------------------------+---------------+-------------+----------------+
; COMPILER_SIGNATURE_ID                ; 121374452783.156907285909968           ; --            ; --          ; --             ;
; EDA_DESIGN_INSTANCE_NAME             ; NA                                     ; --            ; --          ; TB_PRIME_ROM   ;
; EDA_NATIVELINK_SIMULATION_TEST_BENCH ; TB_PRIME_ROM                           ; --            ; --          ; eda_simulation ;
; EDA_OUTPUT_DATA_FORMAT               ; Systemverilog Hdl                      ; --            ; --          ; eda_simulation ;
; EDA_SIMULATION_TOOL                  ; ModelSim-Altera (SystemVerilog)        ; <None>        ; --          ; --             ;
; EDA_TEST_BENCH_ENABLE_STATUS         ; TEST_BENCH_MODE                        ; --            ; --          ; eda_simulation ;
; EDA_TEST_BENCH_FILE                  ; ../testbench/TB_PRIME_ROM.sv           ; --            ; --          ; TB_PRIME_ROM   ;
; EDA_TEST_BENCH_MODULE_NAME           ; TB_PRIME_ROM                           ; --            ; --          ; TB_PRIME_ROM   ;
; EDA_TEST_BENCH_NAME                  ; TB_PRIME_ROM                           ; --            ; --          ; eda_simulation ;
; EDA_TIME_SCALE                       ; 1 ns                                   ; --            ; --          ; eda_simulation ;
; PARTITION_COLOR                      ; -- (Not supported for targeted family) ; --            ; --          ; Top            ;
; PARTITION_FITTER_PRESERVATION_LEVEL  ; -- (Not supported for targeted family) ; --            ; --          ; Top            ;
; PARTITION_NETLIST_TYPE               ; -- (Not supported for targeted family) ; --            ; --          ; Top            ;
; POWER_BOARD_THERMAL_MODEL            ; None (CONSERVATIVE)                    ; --            ; --          ; --             ;
; POWER_PRESET_COOLING_SOLUTION        ; 23 MM HEAT SINK WITH 200 LFPM AIRFLOW  ; --            ; --          ; --             ;
; PROJECT_OUTPUT_DIRECTORY             ; output_files                           ; --            ; --          ; --             ;
+--------------------------------------+----------------------------------------+---------------+-------------+----------------+


+-------------------------------------------------------------------------------------------------------------------------------+
; Flow Elapsed Time                                                                                                             ;
+---------------------------+--------------+-------------------------+---------------------+------------------------------------+
; Module Name               ; Elapsed Time ; Average Processors Used ; Peak Virtual Memory ; Total CPU Time (on all processors) ;
+---------------------------+--------------+-------------------------+---------------------+------------------------------------+
; Analysis & Synthesis      ; 00:00:10     ; 1.0                     ; 4868 MB             ; 00:00:19                           ;
; Fitter                    ; 00:00:34     ; 1.0                     ; 6549 MB             ; 00:01:00                           ;
; Assembler                 ; 00:00:05     ; 1.0                     ; 4831 MB             ; 00:00:06                           ;
; TimeQuest Timing Analyzer ; 00:00:06     ; 1.1                     ; 5142 MB             ; 00:00:05                           ;
; EDA Netlist Writer        ; 00:00:01     ; 1.0                     ; 4740 MB             ; 00:00:01                           ;
; Total                     ; 00:00:56     ; --                      ; --                  ; 00:01:31                           ;
+---------------------------+--------------+-------------------------+---------------------+------------------------------------+


+-----------------------------------------------------------------------------------------+
; Flow OS Summary                                                                         ;
+---------------------------+------------------+------------+------------+----------------+
; Module Name               ; Machine Hostname ; OS Name    ; OS Version ; Processor type ;
+---------------------------+------------------+------------+------------+----------------+
; Analysis & Synthesis      ; TOMOHITOSUZ7BEF  ; Windows 10 ; 10.0       ; x86_64         ;
; Fitter                    ; TOMOHITOSUZ7BEF  ; Windows 10 ; 10.0       ; x86_64         ;
; Assembler                 ; TOMOHITOSUZ7BEF  ; Windows 10 ; 10.0       ; x86_64         ;
; TimeQuest Timing Analyzer ; TOMOHITOSUZ7BEF  ; Windows 10 ; 10.0       ; x86_64         ;
; EDA Netlist Writer        ; TOMOHITOSUZ7BEF  ; Windows 10 ; 10.0       ; x86_64         ;
+---------------------------+------------------+------------+------------+----------------+


------------
; Flow Log ;
------------
quartus_map --read_settings_files=on --write_settings_files=off PRIME_ROM -c PRIME_ROM
quartus_fit --read_settings_files=off --write_settings_files=off PRIME_ROM -c PRIME_ROM
quartus_asm --read_settings_files=off --write_settings_files=off PRIME_ROM -c PRIME_ROM
quartus_sta PRIME_ROM -c PRIME_ROM
quartus_eda --read_settings_files=off --write_settings_files=off PRIME_ROM -c PRIME_ROM



